<?xml version="1.0" encoding="UTF-8"?>
<!-- Generated by org.testng.reporters.JUnitReportReporter -->
<testsuite hostname="admin-PC" name="ApplicationDataTest.RunnerTest" tests="1" failures="0" timestamp="23 Aug 2018 20:01:06 GMT" time="9.040" errors="0">
  <testcase name="run_cukes" time="9.040" classname="ApplicationDataTest.RunnerTest"/>
</testsuite> <!-- ApplicationDataTest.RunnerTest -->
